<?xml version="1.0" encoding="UTF-8"?>
<!-- Generated by org.testng.reporters.JUnitReportReporter -->
<testsuite hostname="LAPTOP-80RUN5J9" failures="0" tests="1" name="util.BrowserFactory" time="4.157" errors="0" timestamp="2021-11-25T13:14:02 PST" skipped="0">
  <testcase classname="util.BrowserFactory" name="init" time="4.157"/>
  <system-out/>
</testsuite> <!-- util.BrowserFactory -->
