<?xml version="1.0" encoding="UTF-8"?>
<!-- Generated by org.testng.reporters.JUnitReportReporter -->
<testsuite hostname="LAPTOP-80RUN5J9" failures="0" tests="1" name="test.LoginTest" time="4.525" errors="0" timestamp="2021-11-25T23:17:22 PST" skipped="0">
  <testcase classname="test.LoginTest" name="userAbeltologin" time="4.525"/>
  <system-out/>
</testsuite> <!-- test.LoginTest -->
